<?xml version="1.0" encoding="UTF-8"?>
<testsuite xmlns:xsi="http://www.w3.org/2001/XMLSchema-instance" xsi:schemaLocation="https://maven.apache.org/surefire/maven-surefire-plugin/xsd/surefire-test-report.xsd" name="TestSuite" time="18.466" tests="34" errors="0" skipped="19" failures="6">
  <properties>
    <property name="java.runtime.name" value="Java(TM) SE Runtime Environment"/>
    <property name="sun.boot.library.path" value="/Library/Java/JavaVirtualMachines/jdk1.8.0_201.jdk/Contents/Home/jre/lib"/>
    <property name="java.vm.version" value="25.201-b09"/>
    <property name="gopherProxySet" value="false"/>
    <property name="java.vm.vendor" value="Oracle Corporation"/>
    <property name="maven.multiModuleProjectDirectory" value="/Users/avigorka/eclipse-workspace/api"/>
    <property name="java.vendor.url" value="http://java.oracle.com/"/>
    <property name="path.separator" value=":"/>
    <property name="guice.disable.misplaced.annotation.check" value="true"/>
    <property name="java.vm.name" value="Java HotSpot(TM) 64-Bit Server VM"/>
    <property name="file.encoding.pkg" value="sun.io"/>
    <property name="user.country" value="IN"/>
    <property name="sun.java.launcher" value="SUN_STANDARD"/>
    <property name="sun.os.patch.level" value="unknown"/>
    <property name="java.vm.specification.name" value="Java Virtual Machine Specification"/>
    <property name="user.dir" value="/Users/avigorka/eclipse-workspace/api"/>
    <property name="java.runtime.version" value="1.8.0_201-b09"/>
    <property name="java.awt.graphicsenv" value="sun.awt.CGraphicsEnvironment"/>
    <property name="java.endorsed.dirs" value="/Library/Java/JavaVirtualMachines/jdk1.8.0_201.jdk/Contents/Home/jre/lib/endorsed"/>
    <property name="os.arch" value="x86_64"/>
    <property name="java.io.tmpdir" value="/var/folders/j6/zj2mqv8x2t35r9d9rg0gf3_04vy4_k/T/"/>
    <property name="line.separator" value="&#10;"/>
    <property name="java.vm.specification.vendor" value="Oracle Corporation"/>
    <property name="os.name" value="Mac OS X"/>
    <property name="classworlds.conf" value="/Users/avigorka/eclipse-workspace/.metadata/.plugins/org.eclipse.m2e.launching/launches/m2conf6207983508531196550.tmp"/>
    <property name="sun.jnu.encoding" value="UTF-8"/>
    <property name="java.library.path" value="/Users/avigorka/Library/Java/Extensions:/Library/Java/Extensions:/Network/Library/Java/Extensions:/System/Library/Java/Extensions:/usr/lib/java:."/>
    <property name="java.specification.name" value="Java Platform API Specification"/>
    <property name="java.class.version" value="52.0"/>
    <property name="sun.management.compiler" value="HotSpot 64-Bit Tiered Compilers"/>
    <property name="os.version" value="10.14.6"/>
    <property name="user.home" value="/Users/avigorka"/>
    <property name="user.timezone" value="Asia/Kolkata"/>
    <property name="java.awt.printerjob" value="sun.lwawt.macosx.CPrinterJob"/>
    <property name="java.specification.version" value="1.8"/>
    <property name="file.encoding" value="UTF-8"/>
    <property name="user.name" value="avigorka"/>
    <property name="java.class.path" value="/Users/avigorka/.p2/pool/plugins/org.eclipse.m2e.maven.runtime_1.10.0.20181127-2120/jars/plexus-classworlds-2.5.2.jar"/>
    <property name="java.vm.specification.version" value="1.8"/>
    <property name="sun.arch.data.model" value="64"/>
    <property name="java.home" value="/Library/Java/JavaVirtualMachines/jdk1.8.0_201.jdk/Contents/Home/jre"/>
    <property name="sun.java.command" value="org.codehaus.plexus.classworlds.launcher.Launcher -B test"/>
    <property name="java.specification.vendor" value="Oracle Corporation"/>
    <property name="user.language" value="en"/>
    <property name="awt.toolkit" value="sun.lwawt.macosx.LWCToolkit"/>
    <property name="java.vm.info" value="mixed mode"/>
    <property name="java.version" value="1.8.0_201"/>
    <property name="java.ext.dirs" value="/Users/avigorka/Library/Java/Extensions:/Library/Java/JavaVirtualMachines/jdk1.8.0_201.jdk/Contents/Home/jre/lib/ext:/Library/Java/Extensions:/Network/Library/Java/Extensions:/System/Library/Java/Extensions:/usr/lib/java"/>
    <property name="sun.boot.class.path" value="/Library/Java/JavaVirtualMachines/jdk1.8.0_201.jdk/Contents/Home/jre/lib/resources.jar:/Library/Java/JavaVirtualMachines/jdk1.8.0_201.jdk/Contents/Home/jre/lib/rt.jar:/Library/Java/JavaVirtualMachines/jdk1.8.0_201.jdk/Contents/Home/jre/lib/sunrsasign.jar:/Library/Java/JavaVirtualMachines/jdk1.8.0_201.jdk/Contents/Home/jre/lib/jsse.jar:/Library/Java/JavaVirtualMachines/jdk1.8.0_201.jdk/Contents/Home/jre/lib/jce.jar:/Library/Java/JavaVirtualMachines/jdk1.8.0_201.jdk/Contents/Home/jre/lib/charsets.jar:/Library/Java/JavaVirtualMachines/jdk1.8.0_201.jdk/Contents/Home/jre/lib/jfr.jar:/Library/Java/JavaVirtualMachines/jdk1.8.0_201.jdk/Contents/Home/jre/classes"/>
    <property name="java.vendor" value="Oracle Corporation"/>
    <property name="maven.home" value="/Users/avigorka/eclipse-workspace/api/EMBEDDED"/>
    <property name="file.separator" value="/"/>
    <property name="java.vendor.url.bug" value="http://bugreport.sun.com/bugreport/"/>
    <property name="sun.cpu.endian" value="little"/>
    <property name="sun.io.unicode.encoding" value="UnicodeBig"/>
    <property name="sun.cpu.isalist" value=""/>
  </properties>
  <testcase name="testCurrentWeatherWithInvalidKey" classname="com.wheather.qa.api.TestCurrentWeather" time="2.555"/>
  <testcase name="testCurrentWeatherWithInvalidPostalCode" classname="com.wheather.qa.api.TestCurrentWeather" time="1.779">
    <failure message="1 expectation failed.&#10;Expected status code &lt;400&gt; doesn&apos;t match actual status code &lt;200&gt;.&#10;" type="java.lang.AssertionError"><![CDATA[java.lang.AssertionError: 
1 expectation failed.
Expected status code <400> doesn't match actual status code <200>.

	at com.wheather.qa.api.TestCurrentWeather.testCurrentWeatherWithInvalidPostalCode(TestCurrentWeather.java:53)
]]></failure>
    <system-out><![CDATA[Request method:	GET
Request URI:	https://api.weatherbit.io/v2.0/current?postal_code=-60173&key=f798d5303d9c444ba0a776785af0f8de
Proxy:			<none>
Request params:	<none>
Query params:	postal_code=-60173
				key=f798d5303d9c444ba0a776785af0f8de
Form params:	<none>
Path params:	<none>
Multiparts:		<none>
Headers:		Accept=*/*
Cookies:		<none>
Body:			<none>
]]></system-out>
  </testcase>
  <testcase name="testCurrentWeatherWithLatAndLon" classname="com.wheather.qa.api.TestCurrentWeather" time="1.716"/>
  <testcase name="testCurrentWeatherWithLatAndLon" classname="com.wheather.qa.api.TestCurrentWeather" time="1.652"/>
  <testcase name="testCurrentWeatherWithLatAndLon" classname="com.wheather.qa.api.TestCurrentWeather" time="1.651"/>
  <testcase name="testCurrentWeatherWithLatAndLon" classname="com.wheather.qa.api.TestCurrentWeather" time="1.719"/>
  <testcase name="testCurrentWeatherWithPostCode" classname="com.wheather.qa.api.TestCurrentWeather" time="1.75"/>
  <testcase name="testCurrentWeatherWithPostCode" classname="com.wheather.qa.api.TestCurrentWeather" time="1.669"/>
  <testcase name="testCurrentWeatherWithPostCode" classname="com.wheather.qa.api.TestCurrentWeather" time="1.691"/>
  <testcase name="testCurrentWeatherWithPostCode" classname="com.wheather.qa.api.TestCurrentWeather" time="1.777"/>
  <testcase name="setUp" classname="com.wheather.qa.testcases.HotelsResultPageTest" time="1.797">
    <failure type="java.lang.NullPointerException">java.lang.NullPointerException
	at com.wheather.qa.testcases.HotelsResultPageTest.setUp(HotelsResultPageTest.java:24)
</failure>
  </testcase>
  <testcase name="selectHotelTest" classname="com.wheather.qa.testcases.HotelsResultPageTest" time="0">
    <skipped/>
  </testcase>
  <testcase name="tearDown" classname="com.wheather.qa.testcases.HotelsResultPageTest" time="0">
    <skipped/>
  </testcase>
  <testcase name="setUp" classname="com.wheather.qa.testcases.HotelDetailsPageTest" time="0">
    <failure type="java.lang.NullPointerException">java.lang.NullPointerException
	at com.wheather.qa.testcases.HotelDetailsPageTest.setUp(HotelDetailsPageTest.java:30)
</failure>
  </testcase>
  <testcase name="clickOnBookNow" classname="com.wheather.qa.testcases.HotelDetailsPageTest" time="0">
    <skipped/>
  </testcase>
  <testcase name="tearDown" classname="com.wheather.qa.testcases.HotelDetailsPageTest" time="0">
    <skipped/>
  </testcase>
  <testcase name="setUp" classname="com.wheather.qa.testcases.LoginPageTest" time="0.001">
    <failure type="java.lang.NullPointerException">java.lang.NullPointerException
	at com.wheather.qa.testcases.LoginPageTest.setUp(LoginPageTest.java:23)
</failure>
  </testcase>
  <testcase name="setUp" classname="com.wheather.qa.testcases.LoginPageTest" time="0">
    <skipped/>
  </testcase>
  <testcase name="setUp" classname="com.wheather.qa.testcases.LoginPageTest" time="0">
    <skipped/>
  </testcase>
  <testcase name="loginPageTitleTest" classname="com.wheather.qa.testcases.LoginPageTest" time="0">
    <skipped/>
  </testcase>
  <testcase name="tearDown" classname="com.wheather.qa.testcases.LoginPageTest" time="0">
    <skipped/>
  </testcase>
  <testcase name="tearDown" classname="com.wheather.qa.testcases.LoginPageTest" time="0">
    <skipped/>
  </testcase>
  <testcase name="tearDown" classname="com.wheather.qa.testcases.LoginPageTest" time="0">
    <skipped/>
  </testcase>
  <testcase name="setUp" classname="com.wheather.qa.testcases.HomePageTest" time="0.001">
    <failure type="java.lang.NullPointerException">java.lang.NullPointerException
	at com.wheather.qa.testcases.HomePageTest.setUp(HomePageTest.java:21)
</failure>
  </testcase>
  <testcase name="setUp" classname="com.wheather.qa.testcases.HomePageTest" time="0">
    <skipped/>
  </testcase>
  <testcase name="homePageTitleTest" classname="com.wheather.qa.testcases.HomePageTest" time="0">
    <skipped/>
  </testcase>
  <testcase name="tearDown" classname="com.wheather.qa.testcases.HomePageTest" time="0">
    <skipped/>
  </testcase>
  <testcase name="tearDown" classname="com.wheather.qa.testcases.HomePageTest" time="0">
    <skipped/>
  </testcase>
  <testcase name="loginButtonTest" classname="com.wheather.qa.testcases.LoginPageTest" time="0">
    <skipped/>
  </testcase>
  <testcase name="clickOnHotelsTest" classname="com.wheather.qa.testcases.HomePageTest" time="0">
    <skipped/>
  </testcase>
  <testcase name="setUp" classname="com.wheather.qa.testcases.HotelsPageTest" time="0.001">
    <failure type="java.lang.NullPointerException">java.lang.NullPointerException
	at com.wheather.qa.testcases.HotelsPageTest.setUp(HotelsPageTest.java:23)
</failure>
  </testcase>
  <testcase name="enterSearchDetailsTest" classname="com.wheather.qa.testcases.HotelsPageTest" time="0">
    <skipped/>
  </testcase>
  <testcase name="tearDown" classname="com.wheather.qa.testcases.HotelsPageTest" time="0">
    <skipped/>
  </testcase>
  <testcase name="loginTest" classname="com.wheather.qa.testcases.LoginPageTest" time="0">
    <skipped/>
  </testcase>
</testsuite>