<?xml version="1.0" encoding="UTF-8"?>
<!-- Generated by org.testng.reporters.JUnitReportReporter -->
<testsuite hostname="DESKTOP-CP8B26T" name="com.wheather.qa.testcases.HotelsResultPageTest" tests="1" failures="0" timestamp="20 Sep 2019 09:53:08 GMT" time="55.577" errors="0">
  <testcase name="selectHotelTest" time="55.577" classname="com.wheather.qa.testcases.HotelsResultPageTest"/>
</testsuite> <!-- com.wheather.qa.testcases.HotelsResultPageTest -->
