<?xml version="1.0" encoding="UTF-8"?>
<!-- Generated by org.testng.reporters.JUnitReportReporter -->
<testsuite hostname="WKMIN6606455" name="com.wheather.qa.testcases.HomePageTest" tests="2" failures="0" timestamp="22 Sep 2019 07:13:22 GMT" time="96.136" errors="0">
  <testcase name="homePageTitleTest" time="28.200" classname="com.wheather.qa.testcases.HomePageTest"/>
  <testcase name="clickOnHotelsTest" time="67.936" classname="com.wheather.qa.testcases.HomePageTest"/>
</testsuite> <!-- com.wheather.qa.testcases.HomePageTest -->
