<?xml version="1.0" encoding="UTF-8"?>
<!-- Generated by org.testng.reporters.JUnitReportReporter -->
<testsuite skipped="0" hostname="WKMIN6606455" name="api.TestCurrentWeather" tests="3" failures="0" timestamp="2019-09-19T10:25:32 IST" time="5.857" errors="0">
  <testcase name="testCurrentWeatherWithPostCode" time="1.493" classname="api.TestCurrentWeather"/>
  <testcase name="testCurrentWeatherWithPostCode" time="1.540" classname="api.TestCurrentWeather"/>
  <testcase name="testCurrentWeatherWithLatAndLon" time="2.824" classname="api.TestCurrentWeather"/>
</testsuite> <!-- api.TestCurrentWeather -->
