<?xml version="1.0" encoding="UTF-8"?>
<!-- Generated by org.testng.reporters.JUnitReportReporter -->
<testsuite hostname="DESKTOP-CP8B26T" name="com.wheather.qa.testcases.LoginPageTest" tests="3" failures="0" timestamp="19 Sep 2019 18:46:31 GMT" time="45.852" errors="0">
  <testcase name="loginPageTitleTest" time="12.985" classname="com.wheather.qa.testcases.LoginPageTest"/>
  <testcase name="loginTest" time="18.228" classname="com.wheather.qa.testcases.LoginPageTest"/>
  <testcase name="loginButtonTest" time="14.639" classname="com.wheather.qa.testcases.LoginPageTest"/>
</testsuite> <!-- com.wheather.qa.testcases.LoginPageTest -->
