<?xml version="1.0" encoding="UTF-8"?>
<!-- Generated by org.testng.reporters.JUnitReportReporter -->
<testsuite hostname="DESKTOP-CP8B26T" name="com.wheather.qa.testcases.HomePageTest" tests="2" failures="0" timestamp="20 Sep 2019 12:23:18 GMT" time="49.662" errors="0">
  <testcase name="clickOnHotelsTest" time="27.862" classname="com.wheather.qa.testcases.HomePageTest"/>
  <testcase name="homePageTitleTest" time="21.800" classname="com.wheather.qa.testcases.HomePageTest"/>
</testsuite> <!-- com.wheather.qa.testcases.HomePageTest -->
